<?xml version="1.0" encoding="UTF-8"?>
<!-- Generated by org.testng.reporters.JUnitReportReporter -->
<testsuite hostname="lin33005536" failures="0" tests="2" name="com.learn.section14.Test" time="0.021" errors="0" timestamp="2024-10-23T00:30:27 IST" skipped="0">
  <testcase classname="com.learn.section14.Test" name="streamMap" time="0.006"/>
  <testcase classname="com.learn.section14.Test" name="list" time="0.015"/>
</testsuite> <!-- com.learn.section14.Test -->
