<?xml version="1.0" encoding="UTF-8"?>
<!-- Generated by org.testng.reporters.JUnitReportReporter -->
<testsuite hostname="lin33005536" failures="0" tests="1" name="com.learn.section14.Test" time="0.021" errors="0" timestamp="2024-10-16T00:19:47 IST" skipped="0">
  <testcase classname="com.learn.section14.Test" name="streamFilter" time="0.021"/>
</testsuite> <!-- com.learn.section14.Test -->
