<?xml version="1.0" encoding="UTF-8"?>
<!-- Generated by org.testng.reporters.JUnitReportReporter -->
<testsuite hostname="lin33005536" failures="0" tests="3" name="com.learn.section16.day4" time="0.010" errors="0" timestamp="2025-01-17T00:49:29 IST" skipped="0">
  <testcase classname="com.learn.section16.day4" name="MobileLoginHomeLoan" time="0.004"/>
  <testcase classname="com.learn.section16.day4" name="LoginAPIHomeLoan" time="0.003"/>
  <testcase classname="com.learn.section16.day4" name="WebloginHomeLoan" time="0.003"/>
</testsuite> <!-- com.learn.section16.day4 -->
