<?xml version="1.0" encoding="UTF-8"?>
<!-- Generated by org.testng.reporters.JUnitReportReporter -->
<testsuite hostname="lin33005536" failures="0" tests="1" name="Selenium.Learning.App2" time="8.603" errors="0" timestamp="2024-09-09T23:38:04 IST" skipped="0">
  <testcase classname="Selenium.Learning.App2" name="test1" time="8.603"/>
</testsuite> <!-- Selenium.Learning.App2 -->
