<?xml version="1.0" encoding="UTF-8"?>
<!-- Generated by org.testng.reporters.JUnitReportReporter -->
<testsuite hostname="lin33005536" failures="0" tests="6" name="com.learn.section16.day3" time="0.030" errors="0" timestamp="2025-01-17T00:49:29 IST" skipped="1">
  <testcase classname="com.learn.section16.day3" name="MobilesignoutcarLoan" time="0.007"/>
  <testcase classname="com.learn.section16.day3" name="WebloginCarLoan" time="0.012"/>
  <testcase classname="com.learn.section16.day3" name="MobileLogincarLoan" time="0.004"/>
  <testcase classname="com.learn.section16.day3" name="MobilesignoutcarLoan" time="0.005"/>
  <testcase classname="com.learn.section16.day3" name="MobilesignoutcarLoan" time="0.002"/>
  <testcase classname="com.learn.section16.day3" name="MobilesignimcarLoan">
    <skipped/>
  </testcase> <!-- MobilesignimcarLoan -->
</testsuite> <!-- com.learn.section16.day3 -->
