<?xml version="1.0" encoding="UTF-8"?>
<!-- Generated by org.testng.reporters.JUnitReportReporter -->
<testsuite hostname="lin33005536" failures="0" tests="1" name="com.learn.section15.NewWindow" time="6.303" errors="0" timestamp="2024-11-25T23:40:53 IST" skipped="0">
  <testcase classname="com.learn.section15.NewWindow" name="newWindow" time="6.303"/>
</testsuite> <!-- com.learn.section15.NewWindow -->
