<?xml version="1.0" encoding="UTF-8"?>
<!-- Generated by org.testng.reporters.JUnitReportReporter -->
<testsuite hostname="lin33005536" failures="0" tests="1" name="com.learn.Section11.CalendarTest" time="18.665" errors="0" timestamp="2024-09-28T09:17:18 IST" skipped="0">
  <testcase classname="com.learn.Section11.CalendarTest" name="calender" time="18.665"/>
</testsuite> <!-- com.learn.Section11.CalendarTest -->
