<?xml version="1.0" encoding="UTF-8"?>
<!-- Generated by org.testng.reporters.JUnitReportReporter -->
<testsuite hostname="lin33005536" failures="0" tests="1" name="com.learn.Section8.Miscelleanous" time="8.611" errors="0" timestamp="2024-09-10T23:09:23 IST" skipped="0">
  <testcase classname="com.learn.Section8.Miscelleanous" name="test1" time="8.611"/>
</testsuite> <!-- com.learn.Section8.Miscelleanous -->
