<?xml version="1.0" encoding="UTF-8"?>
<!-- Generated by org.testng.reporters.JUnitReportReporter -->
<testsuite hostname="lin33005536" failures="0" tests="1" name="com.learn.Section8.Miscelleanous" time="11.178" errors="0" timestamp="2024-11-25T23:31:04 IST" skipped="0">
  <testcase classname="com.learn.Section8.Miscelleanous" name="test1" time="11.178"/>
</testsuite> <!-- com.learn.Section8.Miscelleanous -->
