<?xml version="1.0" encoding="UTF-8"?>
<!-- Generated by org.testng.reporters.JUnitReportReporter -->
<testsuite hostname="lin33005536" failures="0" tests="1" name="com.learn.Section8.base" time="17.996" errors="0" timestamp="2024-09-21T01:53:16 IST" skipped="0">
  <testcase classname="com.learn.Section8.base" name="test1" time="17.996"/>
</testsuite> <!-- com.learn.Section8.base -->
