<?xml version="1.0" encoding="UTF-8"?>
<!-- Generated by org.testng.reporters.JUnitReportReporter -->
<testsuite hostname="lin33005536" failures="0" tests="1" name="com.learn.section16.day2" time="0.002" errors="0" timestamp="2025-01-17T00:49:29 IST" skipped="0">
  <testcase classname="com.learn.section16.day2" name="ploan" time="0.002"/>
</testsuite> <!-- com.learn.section16.day2 -->
