<?xml version="1.0" encoding="UTF-8"?>
<!-- Generated by org.testng.reporters.JUnitReportReporter -->
<testsuite hostname="lin33005536" failures="0" tests="1" name="com.learn.Section8.base" time="11.895" errors="0" timestamp="2024-09-25T22:20:30 IST" skipped="0">
  <testcase classname="com.learn.Section8.base" name="test1" time="11.895"/>
</testsuite> <!-- com.learn.Section8.base -->
